<?xml version="1.0" encoding="UTF-8"?>
<!-- Generated by org.testng.reporters.JUnitXMLReporter -->
<testsuite ignored="0" hostname="DESKTOP-S9B3AC5" failures="1" tests="4" name="HomePageTest" time="19.903" errors="0" timestamp="2023-03-07T00:11:32 IST">
  <testcase classname="ecom.Package.HomePageTest" name="hompageverify" time="0.013"/>
  <testcase classname="ecom.Package.HomePageTest" name="maximize" time="0.003">
    <failure type="java.lang.NullPointerException">
      <![CDATA[java.lang.NullPointerException
at ecom.Package.HomePageTest.maximize(HomePageTest.java:20)
at java.base/java.util.ArrayList.forEach(ArrayList.java:1541)
... Removed 27 stack frames]]>
    </failure>
  </testcase> <!-- maximize -->
  <testcase classname="ecom.Package.LoginTest" name="setup" time="15.238"/>
  <testcase classname="ecom.Package.LoginTest" name="teardown" time="4.53"/>
</testsuite> <!-- HomePageTest -->
