<?xml version="1.0" encoding="UTF-8"?>
<!-- Generated by org.testng.reporters.JUnitXMLReporter -->
<testsuite ignored="0" hostname="DESKTOP-S9B3AC5" failures="0" tests="4" name="Functional Testing" time="12.798" errors="0" timestamp="2023-03-06T16:30:49 IST">
  <testcase classname="testngpackage.HomePage" name="homepageverify" time="0.01"/>
  <testcase classname="testngpackage.HomePage" name="test1" time="0.006"/>
  <testcase classname="testngpackage.Logintest" name="urlverify" time="5.969"/>
  <testcase classname="testngpackage.Logintest" name="TitleVerify" time="6.626"/>
</testsuite> <!-- Functional Testing -->
