<?xml version="1.0" encoding="UTF-8"?>
<!-- Generated by org.testng.reporters.JUnitXMLReporter -->
<testsuite ignored="0" hostname="DESKTOP-S9B3AC5" failures="0" tests="2" name="GRP-application verification testing" time="14.411" errors="0" timestamp="2023-03-06T15:50:57 IST">
  <testcase classname="testngpackage.Logintest" name="urlverify" time="7.06"/>
  <testcase classname="testngpackage.Logintest" name="TitleVerify" time="7.189"/>
</testsuite> <!-- GRP-application verification testing -->
