<?xml version="1.0" encoding="UTF-8"?>
<testng-results ignored="0" total="4" passed="3" failed="1" skipped="0">
  <reporter-output>
  </reporter-output>
  <suite started-at="2023-03-07T00:11:12 IST" name="HomePageSuite" finished-at="2023-03-07T00:11:32 IST" duration-ms="19903">
    <groups>
    </groups>
    <test started-at="2023-03-07T00:11:12 IST" name="HomePageTest" finished-at="2023-03-07T00:11:32 IST" duration-ms="19903">
      <class name="ecom.Package.HomePageTest">
        <test-method is-config="true" signature="setup()[pri:0, instance:ecom.Package.HomePageTest@117159c0]" started-at="2023-03-07T00:10:56 IST" name="setup" finished-at="2023-03-07T00:11:12 IST" duration-ms="16165" status="PASS">
          <reporter-output>
          </reporter-output>
        </test-method> <!-- setup -->
        <test-method signature="hompageverify()[pri:0, instance:ecom.Package.HomePageTest@117159c0]" started-at="2023-03-07T00:11:12 IST" name="hompageverify" finished-at="2023-03-07T00:11:12 IST" duration-ms="13" status="PASS">
          <reporter-output>
          </reporter-output>
        </test-method> <!-- hompageverify -->
        <test-method signature="maximize()[pri:0, instance:ecom.Package.HomePageTest@117159c0]" started-at="2023-03-07T00:11:12 IST" name="maximize" finished-at="2023-03-07T00:11:12 IST" duration-ms="3" status="FAIL">
          <exception class="java.lang.NullPointerException">
            <full-stacktrace>
              <![CDATA[java.lang.NullPointerException
at ecom.Package.HomePageTest.maximize(HomePageTest.java:20)
at java.base/jdk.internal.reflect.NativeMethodAccessorImpl.invoke0(Native Method)
at java.base/jdk.internal.reflect.NativeMethodAccessorImpl.invoke(NativeMethodAccessorImpl.java:62)
at java.base/jdk.internal.reflect.DelegatingMethodAccessorImpl.invoke(DelegatingMethodAccessorImpl.java:43)
at java.base/java.lang.reflect.Method.invoke(Method.java:566)
at org.testng.internal.invokers.MethodInvocationHelper.invokeMethod(MethodInvocationHelper.java:139)
at org.testng.internal.invokers.TestInvoker.invokeMethod(TestInvoker.java:677)
at org.testng.internal.invokers.TestInvoker.invokeTestMethod(TestInvoker.java:221)
at org.testng.internal.invokers.MethodRunner.runInSequence(MethodRunner.java:50)
at org.testng.internal.invokers.TestInvoker$MethodInvocationAgent.invoke(TestInvoker.java:962)
at org.testng.internal.invokers.TestInvoker.invokeTestMethods(TestInvoker.java:194)
at org.testng.internal.invokers.TestMethodWorker.invokeTestMethods(TestMethodWorker.java:148)
at org.testng.internal.invokers.TestMethodWorker.run(TestMethodWorker.java:128)
at java.base/java.util.ArrayList.forEach(ArrayList.java:1541)
at org.testng.TestRunner.privateRun(TestRunner.java:806)
at org.testng.TestRunner.run(TestRunner.java:601)
at org.testng.SuiteRunner.runTest(SuiteRunner.java:433)
at org.testng.SuiteRunner.runSequentially(SuiteRunner.java:427)
at org.testng.SuiteRunner.privateRun(SuiteRunner.java:387)
at org.testng.SuiteRunner.run(SuiteRunner.java:330)
at org.testng.SuiteRunnerWorker.runSuite(SuiteRunnerWorker.java:52)
at org.testng.SuiteRunnerWorker.run(SuiteRunnerWorker.java:95)
at org.testng.TestNG.runSuitesSequentially(TestNG.java:1256)
at org.testng.TestNG.runSuitesLocally(TestNG.java:1176)
at org.testng.TestNG.runSuites(TestNG.java:1099)
at org.testng.TestNG.run(TestNG.java:1067)
at org.testng.remote.AbstractRemoteTestNG.run(AbstractRemoteTestNG.java:115)
at org.testng.remote.RemoteTestNG.initAndRun(RemoteTestNG.java:251)
at org.testng.remote.RemoteTestNG.main(RemoteTestNG.java:77)
]]>
            </full-stacktrace>
          </exception> <!-- java.lang.NullPointerException -->
          <reporter-output>
          </reporter-output>
        </test-method> <!-- maximize -->
        <test-method signature="setup()[pri:0, instance:ecom.Package.HomePageTest@117159c0]" started-at="2023-03-07T00:11:12 IST" name="setup" finished-at="2023-03-07T00:11:27 IST" duration-ms="15238" status="PASS">
          <reporter-output>
          </reporter-output>
        </test-method> <!-- setup -->
        <test-method signature="teardown()[pri:0, instance:ecom.Package.HomePageTest@117159c0]" started-at="2023-03-07T00:11:27 IST" name="teardown" finished-at="2023-03-07T00:11:32 IST" duration-ms="4530" status="PASS">
          <reporter-output>
          </reporter-output>
        </test-method> <!-- teardown -->
        <test-method is-config="true" signature="teardown()[pri:0, instance:ecom.Package.HomePageTest@117159c0]" started-at="2023-03-07T00:11:32 IST" name="teardown" finished-at="2023-03-07T00:11:35 IST" duration-ms="3474" status="PASS">
          <reporter-output>
          </reporter-output>
        </test-method> <!-- teardown -->
      </class> <!-- ecom.Package.HomePageTest -->
    </test> <!-- HomePageTest -->
  </suite> <!-- HomePageSuite -->
</testng-results>
