<?xml version="1.0" encoding="UTF-8"?>
<!-- Generated by org.testng.reporters.JUnitXMLReporter -->
<testsuite ignored="0" hostname="DESKTOP-S9B3AC5" failures="0" tests="3" name="Resgreession Test" time="0.014" errors="0" timestamp="2023-03-06T16:30:49 IST">
  <testcase classname="testngpackage.signupTest" name="signup" time="0.002"/>
  <testcase classname="testngpackage.registrationPage" name="chkregistration" time="0.002"/>
  <testcase classname="testngpackage.registrationPage" name="chksignin" time="0.001"/>
</testsuite> <!-- Resgreession Test -->
